==========================================
🕒 每日自动复盘和备份
执行时间: Thu Apr  2 03:00:01 AM CST 2026
==========================================

📦 1. 备份数据库...
cp: cannot create regular file '/data/db/backups/xiaolongxia_learning.db.backup.20260402_030001': File exists
   ✅ 备份完成: /data/db/backups/xiaolongxia_learning.db.backup.20260402_030001
   🗑️  清理30天前的备份

📦 2. 备份等级样本库...
   ✅ 等级样本库备份完成

📊 3. 复盘前24小时工作...
   📹 新增视频: 0 个
   📋 新增分析任务: 0 个
   ✅ 完成分析: 0 个
   🎯 新增等级样本: 0 个

🔍 4. 系统健康检查...
   ✅ 自动监控服务: 运行中
   ✅ 磁盘空间: 35%
   ✅ 数据库完整性: 正常

📄 5. 生成每日报告...
   ✅ 报告保存: /data/apps/xiaolongxia/reports/daily_report_20260402.json

🧹 6. 清理旧日志...
   ✅ 清理7天前的日志

📤 7. 推送备份到GitHub...
The following paths are ignored by one of your .gitignore files:
logs/daily_review_20260401_043256.log
logs/daily_review_20260402_030001.log
hint: Use -f if you really want to add them.
hint: Turn this message off by running
hint: "git config advice.addIgnoredFile false"
[master e85bc9a] Daily backup and review: 20260402
 1 file changed, 19 insertions(+)
 create mode 100644 reports/daily_report_20260402.json
   ✅ GitHub提交完成（未推送）

==========================================
✅ 每日复盘和备份完成！
==========================================
📁 备份位置: /data/db/backups
📁 报告位置: /data/apps/xiaolongxia/reports/daily_report_20260402.json
📁 日志位置: /data/apps/xiaolongxia/logs/daily_review_20260402_030001.log
==========================================
